<?xml version="1.0" encoding="UTF-8"?>
<!-- Generated by org.testng.reporters.JUnitReportReporter -->
<testsuite hostname="DESKTOP-E1MHNN4" failures="0" tests="1" name="com.bridgelabz.DBAutomation_Test.DB_Test" time="0.350" errors="0" timestamp="2022-06-16T14:52:12 IST" skipped="0">
  <testcase classname="com.bridgelabz.DBAutomation_Test.DB_Test" name="deleteData" time="0.350"/>
  <system-out/>
</testsuite> <!-- com.bridgelabz.DBAutomation_Test.DB_Test -->
